\BOOKMARK [0][-]{chapter*.1}{概要}{}% 1
\BOOKMARK [0][-]{chapter.1}{研修の目的・目標}{}% 2
\BOOKMARK [1][-]{section.1.1}{OSS・Linuxを使ったシステムの機能安全認証を実現する方法の研究}{chapter.1}% 3
\BOOKMARK [1][-]{section.1.2}{ソフトウェア形式検証や機能安全の専門知識を持つ海外のエンジニアとの関係構築}{chapter.1}% 4
\BOOKMARK [0][-]{chapter.2}{業務研修内容}{}% 5
\BOOKMARK [1][-]{section.2.1}{OSS・Linuxに対するソフトウェア検証手法・ツールの調査}{chapter.2}% 6
\BOOKMARK [1][-]{section.2.2}{SIL2LinuxMPの戦略と規格準拠プロセスの理解}{chapter.2}% 7
\BOOKMARK [1][-]{section.2.3}{質疑や議論を通したSIL2LinuxMPコミュニティへのコントリビューション}{chapter.2}% 8
\BOOKMARK [1][-]{section.2.4}{codemini技法の開発と応用例提案}{chapter.2}% 9
\BOOKMARK [0][-]{chapter.3}{習得事項}{}% 10
\BOOKMARK [1][-]{section.3.1}{OSS・Linuxに対するソフトウェア検証手法・ツールの調査}{chapter.3}% 11
\BOOKMARK [2][-]{subsection.3.1.1}{バグ検出}{section.3.1}% 12
\BOOKMARK [3][-]{section*.3}{Coccinelle}{subsection.3.1.1}% 13
\BOOKMARK [3][-]{section*.4}{Csmith}{subsection.3.1.1}% 14
\BOOKMARK [2][-]{subsection.3.1.2}{テストケース生成}{section.3.1}% 15
\BOOKMARK [3][-]{section*.5}{KLEE}{subsection.3.1.2}% 16
\BOOKMARK [2][-]{subsection.3.1.3}{反例検出}{section.3.1}% 17
\BOOKMARK [3][-]{section*.6}{CPAChecker}{subsection.3.1.3}% 18
\BOOKMARK [2][-]{subsection.3.1.4}{メトリクス測定}{section.3.1}% 19
\BOOKMARK [3][-]{section*.7}{CodeViz}{subsection.3.1.4}% 20
\BOOKMARK [3][-]{section*.8}{syzkaller}{subsection.3.1.4}% 21
\BOOKMARK [2][-]{subsection.3.1.5}{バグ選別}{section.3.1}% 22
\BOOKMARK [3][-]{section*.9}{Herodotos}{subsection.3.1.5}% 23
\BOOKMARK [3][-]{section*.10}{Prequel}{subsection.3.1.5}% 24
\BOOKMARK [3][-]{section*.11}{bugspots}{subsection.3.1.5}% 25
\BOOKMARK [2][-]{subsection.3.1.6}{プロジェクト管理}{section.3.1}% 26
\BOOKMARK [3][-]{section*.12}{OGSN}{subsection.3.1.6}% 27
\BOOKMARK [3][-]{section*.13}{rmToo}{subsection.3.1.6}% 28
\BOOKMARK [2][-]{subsection.3.1.7}{その他}{section.3.1}% 29
\BOOKMARK [1][-]{section.3.2}{SIL2LinuxMPの戦略と規格準拠プロセスの理解}{chapter.3}% 30
\BOOKMARK [2][-]{subsection.3.2.1}{SIL2LinuxMPのツール選定戦略}{section.3.2}% 31
\BOOKMARK [3][-]{section*.14}{スケールする検証フレームワークを実現するための戦略}{subsection.3.2.1}% 32
\BOOKMARK [2][-]{subsection.3.2.2}{統合検証フレームワーク：DB4SIL2}{section.3.2}% 33
\BOOKMARK [3][-]{section*.15}{関数コールグラフとトレーサを用いたカバレッジ解析手法}{subsection.3.2.2}% 34
\BOOKMARK [3][-]{section*.16}{関数コールグラフのLOPAへの応用}{subsection.3.2.2}% 35
\BOOKMARK [3][-]{section*.17}{seccompとcgroupsのリソース独立性を解析する例}{subsection.3.2.2}% 36
\BOOKMARK [3][-]{section*.18}{seccompとcgroupsのccf分析例}{subsection.3.2.2}% 37
\BOOKMARK [1][-]{section.3.3}{質疑や議論を通したSIL2LinuxMPコミュニティへのコントリビューション}{chapter.3}% 38
\BOOKMARK [2][-]{subsection.3.3.1}{メーリングリスト上での活動}{section.3.3}% 39
\BOOKMARK [2][-]{subsection.3.3.2}{git上での活動}{section.3.3}% 40
\BOOKMARK [3][-]{section*.19}{sil2linuxmpが開発するツールへのフィードバック}{subsection.3.3.2}% 41
\BOOKMARK [3][-]{section*.20}{検証ツール調査内容の共有}{subsection.3.3.2}% 42
\BOOKMARK [3][-]{section*.21}{日立が独自に開発した検証手法やツールの公開}{subsection.3.3.2}% 43
\BOOKMARK [3][-]{section*.22}{sil2linuxmp gitレポジトリでの活動結果}{subsection.3.3.2}% 44
\BOOKMARK [2][-]{subsection.3.3.3}{Face to face meeting}{section.3.3}% 45
\BOOKMARK [1][-]{section.3.4}{codemini技法の開発と応用例提案}{chapter.3}% 46
\BOOKMARK [2][-]{subsection.3.4.1}{問題設定}{section.3.4}% 47
\BOOKMARK [2][-]{subsection.3.4.2}{実現方針}{section.3.4}% 48
\BOOKMARK [3][-]{section*.23}{\(i\) 既存Makefileの拡張}{subsection.3.4.2}% 49
\BOOKMARK [3][-]{section*.24}{\(ii\) プリプロセスコマンドの構築と実行}{subsection.3.4.2}% 50
\BOOKMARK [3][-]{section*.25}{\(iii\) 展開されたヘッダファイルの中身と余分な空白行の削除}{subsection.3.4.2}% 51
\BOOKMARK [2][-]{subsection.3.4.3}{実行結果}{section.3.4}% 52
\BOOKMARK [2][-]{subsection.3.4.4}{codemini技法の利点と応用}{section.3.4}% 53
\BOOKMARK [3][-]{section*.26}{変換後のソースコード複雑度評価}{subsection.3.4.4}% 54
\BOOKMARK [3][-]{section*.27}{検査対象範囲の最小化}{subsection.3.4.4}% 55
\BOOKMARK [3][-]{section*.28}{関数コールグラフを枝刈りする応用例}{subsection.3.4.4}% 56
\BOOKMARK [3][-]{section*.29}{部分ソースツリーの抽出}{subsection.3.4.4}% 57
\BOOKMARK [2][-]{subsection.3.4.5}{まとめと今後の課題}{section.3.4}% 58
\BOOKMARK [0][-]{chapter.4}{今後の業務への貢献・活用}{}% 59
\BOOKMARK [1][-]{section.4.1}{oss・linuxシステムの機能安全対応パイロット開発実施}{chapter.4}% 60
\BOOKMARK [1][-]{section.4.2}{機能安全対応linuxディストリビューションの構築と提案}{chapter.4}% 61
\BOOKMARK [1][-]{section.4.3}{sil2linuxmpコミュニティへの継続的なコントリビューション}{chapter.4}% 62
\BOOKMARK [0][-]{chapter.5}{現地の生活や文化の紹介}{}% 63
\BOOKMARK [1][-]{section.5.1}{平日の様子}{chapter.5}% 64
\BOOKMARK [1][-]{section.5.2}{週末の様子}{chapter.5}% 65
\BOOKMARK [1][-]{section.5.3}{交通事情}{chapter.5}% 66
\BOOKMARK [2][-]{subsection.5.3.1}{バス}{section.5.3}% 67
\BOOKMARK [2][-]{subsection.5.3.2}{鉄道}{section.5.3}% 68
\BOOKMARK [2][-]{subsection.5.3.3}{メトロ}{section.5.3}% 69
\BOOKMARK [2][-]{subsection.5.3.4}{リキシャ}{section.5.3}% 70
\BOOKMARK [2][-]{subsection.5.3.5}{タクシー}{section.5.3}% 71
\BOOKMARK [2][-]{subsection.5.3.6}{徒歩}{section.5.3}% 72
\BOOKMARK [1][-]{section.5.4}{旅行}{chapter.5}% 73
\BOOKMARK [2][-]{subsection.5.4.1}{ムンバイ、オーランガーバード、エローラ・アジャンタ}{section.5.4}% 74
\BOOKMARK [2][-]{subsection.5.4.2}{マイソール}{section.5.4}% 75
\BOOKMARK [2][-]{subsection.5.4.3}{ハンピ}{section.5.4}% 76
\BOOKMARK [2][-]{subsection.5.4.4}{スリランカ}{section.5.4}% 77
\BOOKMARK [2][-]{subsection.5.4.5}{ドイツ}{section.5.4}% 78
\BOOKMARK [1][-]{section.5.5}{食事}{chapter.5}% 79
\BOOKMARK [1][-]{section.5.6}{英語}{chapter.5}% 80
\BOOKMARK [0][-]{chapter*.30}{謝辞}{}% 81
\BOOKMARK [0][-]{chapter*.31}{参考文献}{}% 82
