This is e-pTeX, Version 3.14159265-p3.6-141210-2.6 (utf8.euc) (TeX Live 2015) (preloaded format=platex 2016.3.19)  8 MAY 2016 18:31
entering extended mode
 restricted \write18 enabled.
 %&-line parsing enabled.
**report
(./report.tex
pLaTeX2e <2006/11/10> (based on LaTeX2e <2016/02/01> patch level 0)
Babel <3.9q> and hyphenation patterns for 81 language(s) loaded.
(/usr/local/texlive/2015/texmf-dist/tex/platex/jsclasses/jsbook.cls
Document Class: jsbook 2014/02/07 okumura
LaTeX Info: Redefining \rmfamily on input line 359.
LaTeX Info: Redefining \sffamily on input line 362.
LaTeX Info: Redefining \ttfamily on input line 365.
\symmincho=\mathgroup4
LaTeX Font Info:    Overwriting symbol font `mincho' in version `bold'
(Font)                  JY1/mc/m/n --> JY1/gt/m/n on input line 430.
LaTeX Font Info:    Font shape `JT1/mc/m/n' will be
(Font)              scaled to size 9.60999pt on input line 620.
LaTeX Font Info:    Font shape `JY1/mc/m/n' will be
(Font)              scaled to size 9.60999pt on input line 620.
\fullwidth=\dimen118
LaTeX Font Info:    Font shape `JT1/mc/m/n' will be
(Font)              scaled to size 7.68799pt on input line 775.
LaTeX Font Info:    Font shape `JY1/mc/m/n' will be
(Font)              scaled to size 7.68799pt on input line 775.
\c@part=\count81
\c@chapter=\count82
\c@section=\count83
\c@subsection=\count84
\c@subsubsection=\count85
\c@paragraph=\count86
\c@subparagraph=\count87
\c@figure=\count88
\c@table=\count89
\abovecaptionskip=\skip41
\belowcaptionskip=\skip42
\js@tocl@width=\dimen119
\@lnumwidth=\dimen120
\bibindent=\dimen121
LaTeX Info: Redefining \TeX on input line 1815.
LaTeX Info: Redefining \LaTeX on input line 1841.
LaTeX Info: Redefining \LaTeXe on input line 1866.
\heisei=\count90
) (/usr/local/texlive/2015/texmf-dist/tex/latex/amsmath/amsmath.sty
Package: amsmath 2016/03/03 v2.15a AMS math features
\@mathmargin=\skip43

For additional information on amsmath, use the `?' option.
(/usr/local/texlive/2015/texmf-dist/tex/latex/amsmath/amstext.sty
Package: amstext 2000/06/29 v2.01 AMS text

(/usr/local/texlive/2015/texmf-dist/tex/latex/amsmath/amsgen.sty
File: amsgen.sty 1999/11/30 v2.0 generic functions
\@emptytoks=\toks15
\ex@=\dimen122
))
(/usr/local/texlive/2015/texmf-dist/tex/latex/amsmath/amsbsy.sty
Package: amsbsy 1999/11/29 v1.2d Bold Symbols
\pmbraise@=\dimen123
)
(/usr/local/texlive/2015/texmf-dist/tex/latex/amsmath/amsopn.sty
Package: amsopn 1999/12/14 v2.01 operator names
)
\inf@bad=\count91
LaTeX Info: Redefining \frac on input line 199.
\uproot@=\count92
\leftroot@=\count93
LaTeX Info: Redefining \overline on input line 297.
\classnum@=\count94
\DOTSCASE@=\count95
LaTeX Info: Redefining \ldots on input line 394.
LaTeX Info: Redefining \dots on input line 397.
LaTeX Info: Redefining \cdots on input line 518.
\Mathstrutbox@=\box41
\strutbox@=\box42
\big@size=\dimen124
LaTeX Font Info:    Redeclaring font encoding OML on input line 630.
LaTeX Font Info:    Redeclaring font encoding OMS on input line 631.
\macc@depth=\count96
\c@MaxMatrixCols=\count97
\dotsspace@=\muskip10
\c@parentequation=\count98
\dspbrk@lvl=\count99
\tag@help=\toks16
\row@=\count100
\column@=\count101
\maxfields@=\count102
\andhelp@=\toks17
\eqnshift@=\dimen125
\alignsep@=\dimen126
\tagshift@=\dimen127
\tagwidth@=\dimen128
\totwidth@=\dimen129
\lineht@=\dimen130
\@envbody=\toks18
\multlinegap=\skip44
\multlinetaggap=\skip45
\mathdisplay@stack=\toks19
LaTeX Info: Redefining \[ on input line 2735.
LaTeX Info: Redefining \] on input line 2736.
)
(/usr/local/texlive/2015/texmf-dist/tex/latex/amsfonts/amssymb.sty
Package: amssymb 2013/01/14 v3.01 AMS font symbols

(/usr/local/texlive/2015/texmf-dist/tex/latex/amsfonts/amsfonts.sty
Package: amsfonts 2013/01/14 v3.01 Basic AMSFonts support
\symAMSa=\mathgroup5
\symAMSb=\mathgroup6
LaTeX Font Info:    Overwriting math alphabet `\mathfrak' in version `bold'
(Font)                  U/euf/m/n --> U/euf/b/n on input line 106.
))
(/usr/local/texlive/2015/texmf-dist/tex/latex/tools/bm.sty
Package: bm 2014/10/28 v1.1c Bold Symbol Support (DPC/FMi)
\symboldoperators=\mathgroup7
\symboldletters=\mathgroup8
\symboldsymbols=\mathgroup9
\symboldmincho=\mathgroup10
LaTeX Font Info:    Redeclaring math alphabet \mathbf on input line 141.
LaTeX Info: Redefining \bm on input line 207.
)
(/usr/local/texlive/2015/texmf-dist/tex/latex/graphics/graphicx.sty
Package: graphicx 2014/10/28 v1.0g Enhanced LaTeX Graphics (DPC,SPQR)

(/usr/local/texlive/2015/texmf-dist/tex/latex/graphics/keyval.sty
Package: keyval 2014/10/28 v1.15 key=value parser (DPC)
\KV@toks@=\toks20
)
(/usr/local/texlive/2015/texmf-dist/tex/latex/graphics/graphics.sty
Package: graphics 2016/01/03 v1.0q Standard LaTeX Graphics (DPC,SPQR)

(/usr/local/texlive/2015/texmf-dist/tex/latex/graphics/trig.sty
Package: trig 2016/01/03 v1.10 sin cos tan (DPC)
)
(/usr/local/texlive/2015/texmf-dist/tex/latex/latexconfig/graphics.cfg
File: graphics.cfg 2010/04/23 v1.9 graphics configuration of TeX Live
)
Package graphics Info: Driver file: dvips.def on input line 95.

(/usr/local/texlive/2015/texmf-dist/tex/latex/graphics/dvips.def
File: dvips.def 2015/12/30 v3.0k Driver-dependent file (DPC,SPQR)
))
\Gin@req@height=\dimen131
\Gin@req@width=\dimen132
)
(/usr/local/texlive/2015/texmf-dist/tex/latex/subfigure/subfigure.sty
Package: subfigure 2002/03/15 v2.1.5 subfigure package
\subfigtopskip=\skip46
\subfigcapskip=\skip47
\subfigcaptopadj=\dimen133
\subfigbottomskip=\skip48
\subfigcapmargin=\dimen134
\subfiglabelskip=\skip49
\c@subfigure=\count103
\c@lofdepth=\count104
\c@subtable=\count105
\c@lotdepth=\count106

****************************************
* Local config file subfigure.cfg used *
****************************************
(/usr/local/texlive/2015/texmf-dist/tex/latex/subfigure/subfigure.cfg)
\subfig@top=\skip50
\subfig@bottom=\skip51
)
(/usr/local/texlive/2015/texmf-dist/tex/latex/tools/verbatim.sty
Package: verbatim 2014/10/28 v1.5q LaTeX2e package for verbatim enhancements
\every@verbatim=\toks21
\verbatim@line=\toks22
\verbatim@in@stream=\read1
)
(/usr/local/texlive/2015/texmf-dist/tex/latex/wrapfig/wrapfig.sty
\wrapoverhang=\dimen135
\WF@size=\dimen136
\c@WF@wrappedlines=\count107
\WF@box=\box43
\WF@everypar=\toks23
Package: wrapfig 2003/01/31  v 3.6
)
(/usr/local/texlive/2015/texmf-dist/tex/platex/base/ascmac.sty
(/usr/local/texlive/2015/texmf-dist/tex/platex/base/tascmac.sty
\@savetbaselineshift=\dimen137
\@saveybaselineshift=\dimen138
\scb@x=\box44
\scscb@x=\box45
\@bw=\dimen139
\@nbox=\box46
\@nbody=\box47
\@scw=\dimen140
\@itemh=\dimen141
\@iboxpos=\toks24
\@iboxstr=\box48
\@bwsp=\box49
\@@bwsp=\box50
\@bcal=\count108
\shaderule=\dimen142
))
(/usr/local/texlive/2015/texmf-dist/tex/latex/base/makeidx.sty
Package: makeidx 2014/09/29 v1.0m Standard LaTeX package
)
(/usr/local/texlive/2015/texmf-dist/tex/latex/glossaries/base/glossaries.sty
Package: glossaries 2016/01/24 v4.21 (NLCT)

(/usr/local/texlive/2015/texmf-dist/tex/latex/base/ifthen.sty
Package: ifthen 2014/09/29 v1.1c Standard LaTeX ifthen package (DPC)
)
(/usr/local/texlive/2015/texmf-dist/tex/latex/xkeyval/xkeyval.sty
Package: xkeyval 2014/12/03 v2.7a package option processing (HA)

(/usr/local/texlive/2015/texmf-dist/tex/generic/xkeyval/xkeyval.tex
(/usr/local/texlive/2015/texmf-dist/tex/generic/xkeyval/xkvutils.tex
\XKV@toks=\toks25
\XKV@tempa@toks=\toks26
)
\XKV@depth=\count109
File: xkeyval.tex 2014/12/03 v2.7a key=value parser (HA)
))
(/usr/local/texlive/2015/texmf-dist/tex/latex/mfirstuc/mfirstuc.sty
Package: mfirstuc 2015/12/17 v2.02 (NLCT)

(/usr/local/texlive/2015/texmf-dist/tex/latex/etoolbox/etoolbox.sty
Package: etoolbox 2015/08/02 v2.2a e-TeX tools for LaTeX (JAW)
\etb@tempcnta=\count110
)
\@glsmfirst=\toks27
\@glsmrest=\toks28
)
(/usr/local/texlive/2015/texmf-dist/tex/latex/textcase/textcase.sty
Package: textcase 2004/10/07 v0.07 Text only upper/lower case changing (DPC)
)
(/usr/local/texlive/2015/texmf-dist/tex/latex/xfor/xfor.sty
Package: xfor 2009/02/05 v1.05 (NLCT)
)
(/usr/local/texlive/2015/texmf-dist/tex/latex/datatool/datatool-base.sty
Package: datatool-base 2016/01/18 v2.25 (NLCT)

(/usr/local/texlive/2015/texmf-dist/tex/latex/substr/substr.sty
Package: substr 2009/10/20 v1.2 Handle substrings
\c@su@anzahl=\count111
)
(/usr/local/texlive/2015/texmf-dist/tex/latex/datatool/datatool-fp.sty
Package: datatool-fp 2016/01/18 v2.25 (NLCT)

(/usr/local/texlive/2015/texmf-dist/tex/latex/fp/fp.sty
Package: fp 1995/04/02

`Fixed Point Package', Version 0.8, April 2, 1995 (C) Michael Mehlich
(/usr/local/texlive/2015/texmf-dist/tex/latex/fp/defpattern.sty
Package: defpattern 1994/10/12
\actioncount=\count112
)
(/usr/local/texlive/2015/texmf-dist/tex/latex/fp/fp-basic.sty
Package: fp-basic 1996/05/13
\FP@xs=\count113
\FP@xia=\count114
\FP@xib=\count115
\FP@xfa=\count116
\FP@xfb=\count117
\FP@rega=\count118
\FP@regb=\count119
\FP@regs=\count120
\FP@times=\count121
)
(/usr/local/texlive/2015/texmf-dist/tex/latex/fp/fp-addons.sty
Package: fp-addons 1995/03/15
)
(/usr/local/texlive/2015/texmf-dist/tex/latex/fp/fp-snap.sty
Package: fp-snap 1995/04/05
)
(/usr/local/texlive/2015/texmf-dist/tex/latex/fp/fp-exp.sty
Package: fp-exp 1995/04/03
)
(/usr/local/texlive/2015/texmf-dist/tex/latex/fp/fp-trigo.sty
Package: fp-trigo 1995/04/14
)
(/usr/local/texlive/2015/texmf-dist/tex/latex/fp/fp-pas.sty
Package: fp-pas 1994/08/29
)
(/usr/local/texlive/2015/texmf-dist/tex/latex/fp/fp-random.sty
Package: fp-random 1995/02/23
\FPseed=\count122
)
(/usr/local/texlive/2015/texmf-dist/tex/latex/fp/fp-eqn.sty
Package: fp-eqn 1995/04/03
)
(/usr/local/texlive/2015/texmf-dist/tex/latex/fp/fp-upn.sty
Package: fp-upn 1996/10/21
)
(/usr/local/texlive/2015/texmf-dist/tex/latex/fp/fp-eval.sty
Package: fp-eval 1995/04/03
)))
\@dtl@toks=\toks29
\@dtl@tmpcount=\count123
\dtl@tmplength=\skip52
\dtl@sortresult=\count124
\@dtl@numgrpsepcount=\count125
\@dtl@datatype=\count126
\dtl@codeA=\count127
\dtl@codeB=\count128
\@dtl@foreach@level=\count129
)
(/usr/local/texlive/2015/texmf-dist/tex/latex/glossaries/base/glossaries-compat
ible-307.sty
Package: glossaries-compatible-307 2016/01/24 v4.21 (NLCT)
)
\gls@level=\count130
\@gls@tmpb=\toks30
\gls@tmplen=\skip53


Package glossaries Warning: Overriding \printglossary on input line 5218.

\glskeylisttok=\toks31
\glslabeltok=\toks32
\glsshorttok=\toks33
\glslongtok=\toks34

(/usr/local/texlive/2015/texmf-dist/tex/latex/glossaries/styles/glossary-hypern
av.sty
Package: glossary-hypernav 2016/01/24 v4.21 (NLCT)
)
(/usr/local/texlive/2015/texmf-dist/tex/latex/glossaries/styles/glossary-list.s
ty
Package: glossary-list 2016/01/24 v4.21 (NLCT)
\glslistdottedwidth=\skip54
)
(/usr/local/texlive/2015/texmf-dist/tex/latex/glossaries/styles/glossary-long.s
ty
Package: glossary-long 2016/01/24 v4.21 (NLCT)
 (/usr/local/texlive/2015/texmf-dist/tex/latex/tools/longtable.sty
Package: longtable 2014/10/28 v4.11 Multi-page Table package (DPC)
\LTleft=\skip55
\LTright=\skip56
\LTpre=\skip57
\LTpost=\skip58
\LTchunksize=\count131
\LTcapwidth=\dimen143
\LT@head=\box51
\LT@firsthead=\box52
\LT@foot=\box53
\LT@lastfoot=\box54
\LT@cols=\count132
\LT@rows=\count133
\c@LT@tables=\count134
\c@LT@chunks=\count135
\LT@p@ftn=\toks35
)
\glsdescwidth=\skip59
\glspagelistwidth=\skip60
)
(/usr/local/texlive/2015/texmf-dist/tex/latex/glossaries/styles/glossary-super.
sty
Package: glossary-super 2016/01/24 v4.21 (NLCT)
 (/usr/local/texlive/2015/texmf-dist/tex/latex/supertabular/supertabular.sty
Package: supertabular 2004/02/20 v4.1e the supertabular environment
\c@tracingst=\count136
\ST@wd=\dimen144
\ST@rightskip=\skip61
\ST@leftskip=\skip62
\ST@parfillskip=\skip63
\ST@pageleft=\dimen145
\ST@headht=\dimen146
\ST@tailht=\dimen147
\ST@pagesofar=\dimen148
\ST@pboxht=\dimen149
\ST@lineht=\dimen150
\ST@stretchht=\dimen151
\ST@prevht=\dimen152
\ST@toadd=\dimen153
\ST@dimen=\dimen154
\ST@pbox=\box55
))
(/usr/local/texlive/2015/texmf-dist/tex/latex/glossaries/styles/glossary-tree.s
ty
Package: glossary-tree 2016/01/24 v4.21 (NLCT)
\glstreeindent=\skip64
))
\glswrite=\write3
\glo@main@file=\write4
\openout4 = `report.glo'.

Package glossaries Info: Writing glossary file report.glo on input line 17.
\glo@acronym@file=\write5
\openout5 = `report.acn'.

Package glossaries Info: Writing glossary file report.acn on input line 17.
 (./acronyms.tex)
(/usr/local/texlive/2015/texmf-dist/tex/latex/hyperref/hyperref.sty
Package: hyperref 2012/11/06 v6.83m Hypertext links for LaTeX

(/usr/local/texlive/2015/texmf-dist/tex/generic/oberdiek/hobsub-hyperref.sty
Package: hobsub-hyperref 2012/05/28 v1.13 Bundle oberdiek, subset hyperref (HO)


(/usr/local/texlive/2015/texmf-dist/tex/generic/oberdiek/hobsub-generic.sty
Package: hobsub-generic 2012/05/28 v1.13 Bundle oberdiek, subset generic (HO)
Package: hobsub 2012/05/28 v1.13 Construct package bundles (HO)
Package: infwarerr 2010/04/08 v1.3 Providing info/warning/error messages (HO)
Package: ltxcmds 2011/11/09 v1.22 LaTeX kernel commands for general use (HO)
Package: ifluatex 2010/03/01 v1.3 Provides the ifluatex switch (HO)
Package ifluatex Info: LuaTeX not detected.
Package: ifvtex 2010/03/01 v1.5 Detect VTeX and its facilities (HO)
Package ifvtex Info: VTeX not detected.
Package: intcalc 2007/09/27 v1.1 Expandable calculations with integers (HO)
Package: ifpdf 2011/01/30 v2.3 Provides the ifpdf switch (HO)
Package ifpdf Info: pdfTeX in PDF mode is not detected.
Package: etexcmds 2011/02/16 v1.5 Avoid name clashes with e-TeX commands (HO)
Package etexcmds Info: Could not find \expanded.
(etexcmds)             That can mean that you are not using pdfTeX 1.50 or
(etexcmds)             that some package has redefined \expanded.
(etexcmds)             In the latter case, load this package earlier.
Package: kvsetkeys 2012/04/25 v1.16 Key value parser (HO)
Package: kvdefinekeys 2011/04/07 v1.3 Define keys (HO)
Package: pdftexcmds 2011/11/29 v0.20 Utility functions of pdfTeX for LuaTeX (HO
)
Package pdftexcmds Info: LuaTeX not detected.
Package pdftexcmds Info: pdfTeX >= 1.30 not detected.
Package pdftexcmds Info: \pdf@primitive is not available.
Package pdftexcmds Info: \pdf@ifprimitive is not available.
Package pdftexcmds Info: \pdfdraftmode not found.
Package: pdfescape 2011/11/25 v1.13 Implements pdfTeX's escape features (HO)
Package: bigintcalc 2012/04/08 v1.3 Expandable calculations on big integers (HO
)
Package: bitset 2011/01/30 v1.1 Handle bit-vector datatype (HO)
Package: uniquecounter 2011/01/30 v1.2 Provide unlimited unique counter (HO)
)
Package hobsub Info: Skipping package `hobsub' (already loaded).
Package: letltxmacro 2010/09/02 v1.4 Let assignment for LaTeX macros (HO)
Package: hopatch 2012/05/28 v1.2 Wrapper for package hooks (HO)
Package: xcolor-patch 2011/01/30 xcolor patch
Package: atveryend 2011/06/30 v1.8 Hooks at the very end of document (HO)
Package: atbegshi 2011/10/05 v1.16 At begin shipout hook (HO)
Package: refcount 2011/10/16 v3.4 Data extraction from label references (HO)
Package: hycolor 2011/01/30 v1.7 Color options for hyperref/bookmark (HO)
)
(/usr/local/texlive/2015/texmf-dist/tex/generic/ifxetex/ifxetex.sty
Package: ifxetex 2010/09/12 v0.6 Provides ifxetex conditional
)
(/usr/local/texlive/2015/texmf-dist/tex/latex/oberdiek/auxhook.sty
Package: auxhook 2011/03/04 v1.3 Hooks for auxiliary files (HO)
)
(/usr/local/texlive/2015/texmf-dist/tex/latex/oberdiek/kvoptions.sty
Package: kvoptions 2011/06/30 v3.11 Key value format for package options (HO)
)
\@linkdim=\dimen155
\Hy@linkcounter=\count137
\Hy@pagecounter=\count138

(/usr/local/texlive/2015/texmf-dist/tex/latex/hyperref/pd1enc.def
File: pd1enc.def 2012/11/06 v6.83m Hyperref: PDFDocEncoding definition (HO)
)
\Hy@SavedSpaceFactor=\count139

(/usr/local/texlive/2015/texmf-dist/tex/latex/latexconfig/hyperref.cfg
File: hyperref.cfg 2002/06/06 v1.2 hyperref configuration of TeXLive
)
Package hyperref Info: Hyper figures OFF on input line 4443.
Package hyperref Info: Link nesting OFF on input line 4448.
Package hyperref Info: Hyper index ON on input line 4451.
Package hyperref Info: Plain pages OFF on input line 4458.
Package hyperref Info: Backreferencing OFF on input line 4463.
Package hyperref Info: Implicit mode ON; LaTeX internals redefined.
Package hyperref Info: Bookmarks ON on input line 4688.
\c@Hy@tempcnt=\count140

(/usr/local/texlive/2015/texmf-dist/tex/latex/url/url.sty
\Urlmuskip=\muskip11
Package: url 2013/09/16  ver 3.4  Verb mode for urls, etc.
)
LaTeX Info: Redefining \url on input line 5041.
\XeTeXLinkMargin=\dimen156
\Fld@menulength=\count141
\Field@Width=\dimen157
\Fld@charsize=\dimen158
Package hyperref Info: Hyper figures OFF on input line 6295.
Package hyperref Info: Link nesting OFF on input line 6300.
Package hyperref Info: Hyper index ON on input line 6303.
Package hyperref Info: backreferencing OFF on input line 6310.
Package hyperref Info: Link coloring OFF on input line 6315.
Package hyperref Info: Link coloring with OCG OFF on input line 6320.
Package hyperref Info: PDF/A mode OFF on input line 6325.
LaTeX Info: Redefining \ref on input line 6365.
LaTeX Info: Redefining \pageref on input line 6369.
\Hy@abspage=\count142
\c@Item=\count143
\c@Hfootnote=\count144
)

Package hyperref Message: Driver: hdvipdfm.

(/usr/local/texlive/2015/texmf-dist/tex/latex/hyperref/hdvipdfm.def
File: hdvipdfm.def 2012/11/06 v6.83m Hyperref driver for dvipdfm
\pdfm@box=\box56
\c@Hy@AnnotLevel=\count145
\HyField@AnnotCount=\count146
\Fld@listcount=\count147
\c@bookmark@seq@number=\count148

(/usr/local/texlive/2015/texmf-dist/tex/latex/oberdiek/rerunfilecheck.sty
Package: rerunfilecheck 2011/04/15 v1.7 Rerun checks for auxiliary files (HO)
Package rerunfilecheck Info: Feature \pdfmdfivesum is not available
(rerunfilecheck)             (e.g. pdfTeX or LuaTeX with package `pdftexcmds').

(rerunfilecheck)             Therefore file contents cannot be checked efficien
tly
(rerunfilecheck)             and the loading of the package is aborted.
)
\Hy@SectionHShift=\skip65
)
(/usr/local/texlive/2015/texmf-dist/tex/platex/pxjahyper/pxjahyper.sty
Package: pxjahyper 2012/05/27 v0.2
)
(/usr/local/texlive/2015/texmf-dist/tex/latex/here/here.sty)
(/usr/local/texlive/2015/texmf-dist/tex/latex/float/float.sty
Package: float 2001/11/08 v1.3d Float enhancements (AL)
\c@float@type=\count149
\float@exts=\toks36
\float@box=\box57
\@float@everytoks=\toks37
\@floatcapt=\box58
)
(/usr/local/texlive/2015/texmf-dist/tex/latex/enumitem/enumitem.sty
Package: enumitem 2011/09/28 v3.5.2 Customized lists
\labelindent=\skip66
\enit@outerparindent=\dimen159
\enit@toks=\toks38
\enit@inbox=\box59
\enitdp@description=\count150
)
(/usr/local/texlive/2015/texmf-dist/tex/latex/xcolor/xcolor.sty
Package: xcolor 2007/01/21 v2.11 LaTeX color extensions (UK)

(/usr/local/texlive/2015/texmf-dist/tex/latex/latexconfig/color.cfg
File: color.cfg 2007/01/18 v1.5 color configuration of teTeX/TeXLive
)
Package xcolor Info: Driver file: dvips.def on input line 225.
Package xcolor Info: Model `cmy' substituted by `cmy0' on input line 1337.
Package xcolor Info: Model `RGB' extended on input line 1353.
Package xcolor Info: Model `HTML' substituted by `rgb' on input line 1355.
Package xcolor Info: Model `Hsb' substituted by `hsb' on input line 1356.
Package xcolor Info: Model `tHsb' substituted by `hsb' on input line 1357.
Package xcolor Info: Model `HSB' substituted by `hsb' on input line 1358.
Package xcolor Info: Model `Gray' substituted by `gray' on input line 1359.
Package xcolor Info: Model `wave' substituted by `hsb' on input line 1360.
)
Package hyperref Info: Option `colorlinks' set `true' on input line 32.
\@indexfile=\write6
\openout6 = `report.idx'.


Writing index file report.idx
(./report.aux (./title.aux) (./abstract.aux) (./chapter1.aux) (./chapter2-1.aux
) (./chapter2-2.aux) (./chapter2-3.aux

LaTeX Warning: Label `minigraph' multiply defined.

) (./chapter3.aux) (./chapter4.aux

LaTeX Warning: Label `wtc' multiply defined.

))
\openout1 = `report.aux'.

LaTeX Font Info:    Checking defaults for OML/cmm/m/it on input line 48.
LaTeX Font Info:    ... okay on input line 48.
LaTeX Font Info:    Checking defaults for T1/cmr/m/n on input line 48.
LaTeX Font Info:    ... okay on input line 48.
LaTeX Font Info:    Checking defaults for OT1/cmr/m/n on input line 48.
LaTeX Font Info:    ... okay on input line 48.
LaTeX Font Info:    Checking defaults for OMS/cmsy/m/n on input line 48.
LaTeX Font Info:    ... okay on input line 48.
LaTeX Font Info:    Checking defaults for OMX/cmex/m/n on input line 48.
LaTeX Font Info:    ... okay on input line 48.
LaTeX Font Info:    Checking defaults for U/cmr/m/n on input line 48.
LaTeX Font Info:    ... okay on input line 48.
LaTeX Font Info:    Checking defaults for JY1/mc/m/n on input line 48.
LaTeX Font Info:    ... okay on input line 48.
LaTeX Font Info:    Checking defaults for JT1/mc/m/n on input line 48.
LaTeX Font Info:    ... okay on input line 48.
LaTeX Font Info:    Checking defaults for PD1/pdf/m/n on input line 48.
LaTeX Font Info:    ... okay on input line 48.
\AtBeginShipoutBox=\box60
Package hyperref Info: Link coloring ON on input line 48.
 (/usr/local/texlive/2015/texmf-dist/tex/latex/hyperref/nameref.sty
Package: nameref 2012/10/27 v2.43 Cross-referencing by name of section

(/usr/local/texlive/2015/texmf-dist/tex/generic/oberdiek/gettitlestring.sty
Package: gettitlestring 2010/12/03 v1.4 Cleanup title references (HO)
)
\c@section@level=\count151
)
LaTeX Info: Redefining \ref on input line 48.
LaTeX Info: Redefining \pageref on input line 48.
LaTeX Info: Redefining \nameref on input line 48.

(./report.out) (./report.out)
\@outlinefile=\write7
\openout7 = `report.out'.

\openout2 = `title.aux'.

 (./title.tex
LaTeX Font Info:    Font shape `JT1/mc/m/n' will be
(Font)              scaled to size 11.53198pt on input line 3.
LaTeX Font Info:    Font shape `JY1/mc/m/n' will be
(Font)              scaled to size 11.53198pt on input line 3.
LaTeX Font Info:    Font shape `JT1/mc/m/n' will be
(Font)              scaled to size 23.90964pt on input line 7.
LaTeX Font Info:    Font shape `JY1/mc/m/n' will be
(Font)              scaled to size 23.90964pt on input line 7.
LaTeX Font Info:    Font shape `JT1/mc/m/n' will be
(Font)              scaled to size 13.83836pt on input line 9.
LaTeX Font Info:    Font shape `JY1/mc/m/n' will be
(Font)              scaled to size 13.83836pt on input line 9.
 [1

\openout3 = `report.ist'.



])
\openout2 = `abstract.aux'.

 (./abstract.tex
LaTeX Font Info:    Font shape `JT1/gt/m/n' will be
(Font)              scaled to size 23.90964pt on input line 1.
LaTeX Font Info:    Font shape `JY1/gt/m/n' will be
(Font)              scaled to size 23.90964pt on input line 1.
)
LaTeX Font Info:    Font shape `JT1/mc/bx/n' in size <10> not available
(Font)              Font shape `JT1/gt/m/n' tried instead on input line 55.
LaTeX Font Info:    Font shape `JT1/gt/m/n' will be
(Font)              scaled to size 9.60999pt on input line 55.
LaTeX Font Info:    Font shape `JY1/mc/bx/n' in size <10> not available
(Font)              Font shape `JY1/gt/m/n' tried instead on input line 55.
LaTeX Font Info:    Font shape `JY1/gt/m/n' will be
(Font)              scaled to size 9.60999pt on input line 55.
 [1




]
(./report.toc
LaTeX Font Info:    Font shape `JY1/mc/m/n' will be
(Font)              scaled to size 6.72699pt on input line 3.
LaTeX Font Info:    Font shape `JY1/mc/m/n' will be
(Font)              scaled to size 4.805pt on input line 3.
LaTeX Font Info:    Try loading font information for U+msa on input line 3.
 (/usr/local/texlive/2015/texmf-dist/tex/latex/amsfonts/umsa.fd
File: umsa.fd 2013/01/14 v3.01 AMS symbols A
)
LaTeX Font Info:    Try loading font information for U+msb on input line 3.

(/usr/local/texlive/2015/texmf-dist/tex/latex/amsfonts/umsb.fd
File: umsb.fd 2013/01/14 v3.01 AMS symbols B
)
LaTeX Font Info:    Font shape `JY1/gt/m/n' will be
(Font)              scaled to size 6.72699pt on input line 3.
LaTeX Font Info:    Font shape `JY1/gt/m/n' will be
(Font)              scaled to size 4.805pt on input line 3.
 [2


] [3]
[4])
\tf@toc=\write8
\openout8 = `report.toc'.

 [5]
\openout2 = `chapter1.aux'.

 (./chapter1.tex
第1章
LaTeX Font Info:    Font shape `JT1/mc/m/n' will be
(Font)              scaled to size 19.9311pt on input line 1.
LaTeX Font Info:    Font shape `JY1/mc/m/n' will be
(Font)              scaled to size 19.9311pt on input line 1.
LaTeX Font Info:    Font shape `JT1/gt/m/n' will be
(Font)              scaled to size 19.9311pt on input line 1.
LaTeX Font Info:    Font shape `JY1/gt/m/n' will be
(Font)              scaled to size 19.9311pt on input line 1.
LaTeX Font Info:    Font shape `JT1/gt/m/n' will be
(Font)              scaled to size 13.83836pt on input line 2.
LaTeX Font Info:    Font shape `JY1/gt/m/n' will be
(Font)              scaled to size 13.83836pt on input line 2.
LaTeX Font Info:    Try loading font information for OMS+cmr on input line 8.
(/usr/local/texlive/2015/texmf-dist/tex/latex/base/omscmr.fd
File: omscmr.fd 2014/09/29 v2.5h Standard LaTeX font definitions
)
LaTeX Font Info:    Font shape `OMS/cmr/m/n' in size <10> not available
(Font)              Font shape `OMS/cmsy/m/n' tried instead on input line 8.
 [1



] [2]
第2章
[3

] [4]

Package hyperref Warning: Token not allowed in a PDF string (PDFDocEncoding):
(hyperref)                removing `\acrshort' on input line 97.

) [5]
\openout2 = `chapter2-1.aux'.

 (./chapter2-1.tex
第3章
File: pic/QA_Tasks.eps Graphic file (type eps)
<pic/QA_Tasks.eps>
LaTeX Font Info:    Font shape `JT1/mc/m/n' will be
(Font)              scaled to size 8.64899pt on input line 10.
LaTeX Font Info:    Font shape `JY1/mc/m/n' will be
(Font)              scaled to size 8.64899pt on input line 10.
File: pic/QA_Tools.eps Graphic file (type eps)
 <pic/QA_Tools.eps> [6



]
LaTeX Font Info:    Font shape `JT1/gt/m/n' will be
(Font)              scaled to size 11.53198pt on input line 26.
LaTeX Font Info:    Font shape `JY1/gt/m/n' will be
(Font)              scaled to size 11.53198pt on input line 26.
 [7] [8] [9] [10] [11] [12]
File: pic/cpa.eps Graphic file (type eps)

<pic/cpa.eps> [13]
File: pic/cpareport.eps Graphic file (type eps)
 <pic/cpareport.eps> [14]
File: pic/svcomp.eps Graphic file (type eps)
 <pic/svcomp.eps> [15]
File: pic/vfs_read.eps Graphic file (type eps)

<pic/vfs_read.eps> [16] [17]
File: pic/syzkaller.eps Graphic file (type eps)
 <pic/syzkaller.eps> [18]
File: pic/herograph.eps Graphic file (type eps)
 <pic/herograph.eps>
LaTeX Font Info:    Font shape `JT1/mc/m/n' will be
(Font)              scaled to size 6.72699pt on input line 355.
File: pic/heroview.eps Graphic file (type eps)

<pic/heroview.eps> [19] [20]
File: pic/hotspot.eps Graphic file (type eps)
 <pic/hotspot.eps> [21]
File: pic/gsn.eps Graphic file (type eps)
 <pic/gsn.eps> [22] [23]
[24] [25]
File: pic/DLC.eps Graphic file (type eps)
 <pic/DLC.eps> [26]
File: pic/eco.eps Graphic file (type eps)
 <pic/eco.eps> [27]
File: pic/100.eps Graphic file (type eps)
 <pic/100.eps> [28]
File: pic/db4sil2big.eps Graphic file (type eps)

<pic/db4sil2big.eps> [29]
File: pic/cov.eps Graphic file (type eps)
 <pic/cov.eps> [30]
File: pic/getscheduler.eps Graphic file (type eps)
 <pic/getscheduler.eps> [31]
File: pic/isol.eps Graphic file (type eps)

<pic/isol.eps>

Package hyperref Warning: Token not allowed in a PDF string (PDFDocEncoding):
(hyperref)                removing `\acrshort' on input line 661.


Package hyperref Warning: Token not allowed in a PDF string (PDFDocEncoding):
(hyperref)                removing `\acrshort' on input line 661.

File: pic/bs.eps Graphic file (type eps)
<pic/bs.eps>
LaTeX Font Info:    Font shape `JY1/mc/m/n' will be
(Font)              scaled to size 5.76599pt on input line 673.
LaTeX Font Info:    Font shape `JY1/gt/m/n' will be
(Font)              scaled to size 8.64899pt on input line 673.
LaTeX Font Info:    Font shape `JY1/gt/m/n' will be
(Font)              scaled to size 5.76599pt on input line 673.
 [32]
File: pic/intersec.eps Graphic file (type eps)
 <pic/intersec.eps>

Package hyperref Warning: Token not allowed in a PDF string (PDFDocEncoding):
(hyperref)                removing `\acrshort' on input line 691.


Package hyperref Warning: Token not allowed in a PDF string (PDFDocEncoding):
(hyperref)                removing `\acrshort' on input line 691.


Package hyperref Warning: Token not allowed in a PDF string (PDFDocEncoding):
(hyperref)                removing `\gls' on input line 691.

[33]) [34] [35]
\openout2 = `chapter2-2.aux'.

 (./chapter2-2.tex [36


] [37]
LaTeX Font Info:    Font shape `JT1/mc/bx/n' in size <9> not available
(Font)              Font shape `JT1/gt/m/n' tried instead on input line 87.
LaTeX Font Info:    Font shape `JT1/gt/m/n' will be
(Font)              scaled to size 8.64899pt on input line 87.
LaTeX Font Info:    Font shape `JY1/mc/bx/n' in size <9> not available
(Font)              Font shape `JY1/gt/m/n' tried instead on input line 87.
LaTeX Font Info:    Font shape `JY1/gt/m/n' will be
(Font)              scaled to size 8.64899pt on input line 87.

Overfull \hbox (3.34418pt too wide) in paragraph at lines 84--137
 [][] 
 []

[38]
Overfull \vbox (20.4pt too high) has occurred while \output is active []

 [39]

Package hyperref Warning: Token not allowed in a PDF string (PDFDocEncoding):
(hyperref)                removing `\acrshort' on input line 170.


Package hyperref Warning: Token not allowed in a PDF string (PDFDocEncoding):
(hyperref)                removing `\acrshort' on input line 175.

[40] [41]

Package hyperref Warning: Token not allowed in a PDF string (PDFDocEncoding):
(hyperref)                removing `\acrshort' on input line 205.


Package hyperref Warning: Token not allowed in a PDF string (PDFDocEncoding):
(hyperref)                removing `\acrshort' on input line 205.

LaTeX Font Info:    Font shape `OMS/cmr/m/n' in size <9> not available
(Font)              Font shape `OMS/cmsy/m/n' tried instead on input line 209.
LaTeX Font Info:    Font shape `JT1/mc/m/n' will be
(Font)              scaled to size 5.76599pt on input line 239.
[42]
File: pic/gitstats.eps Graphic file (type eps)
 <pic/gitstats.eps>) [43] [44]
\openout2 = `chapter2-3.aux'.

 (./chapter2-3.tex

Package hyperref Warning: Token not allowed in a PDF string (PDFDocEncoding):
(hyperref)                removing `\acrshort' on input line 1.

File: pic/dmaengine.eps Graphic file (type eps)
<pic/dmaengine.eps> [45


] [46]
File: pic/check.eps Graphic file (type eps)
 <pic/check.eps>
File: pic/cf.eps Graphic file (type eps)
 <pic/cf.eps> [47]
LaTeX Font Info:    Font shape `JT1/mc/m/it' in size <10> not available
(Font)              Font shape `JT1/mc/m/n' tried instead on input line 115.
LaTeX Font Info:    Font shape `JT1/mc/m/n' will be
(Font)              scaled to size 9.60999pt on input line 115.
LaTeX Font Info:    Font shape `JY1/mc/m/it' in size <10> not available
(Font)              Font shape `JY1/mc/m/n' tried instead on input line 115.
LaTeX Font Info:    Font shape `JY1/mc/m/n' will be
(Font)              scaled to size 9.60999pt on input line 115.
 [48]
File: pic/miniresult.eps Graphic file (type eps)

<pic/miniresult.eps> [49]
File: pic/minigithub.eps Graphic file (type eps)
 <pic/minigithub.eps> [50]

Package hyperref Warning: Token not allowed in a PDF string (PDFDocEncoding):
(hyperref)                removing `\acrshort' on input line 198.


Overfull \hbox (5.91713pt too wide) in paragraph at lines 250--250
[]\OT1/cmtt/m/n/9 Highest score:           1846 (setgamma() in linux-4.4.1/driv
ers/media/usb/gspca/topro.c)[] 
 []

[51] [52] [53] [54]
File: pic/coveragesagi.eps Graphic file (type eps)
 <pic/coveragesagi.eps> [55]
File: pic/orggraph.eps Graphic file (type eps)
 <pic/orggraph.eps>
File: pic/minigraph.eps Graphic file (type eps)

<pic/minigraph.eps>
Overfull \hbox (2.2222pt too wide) in paragraph at lines 411--425
[]$[]$ $[]$
 []

[56]
File: pic/subtarget.eps Graphic file (type eps)
 <pic/subtarget.eps> [57]) [58]
\openout2 = `chapter3.aux'.

 (./chapter3.tex
第4章

Package hyperref Warning: Token not allowed in a PDF string (PDFDocEncoding):
(hyperref)                removing `\acrshort' on input line 11.


Package hyperref Warning: Token not allowed in a PDF string (PDFDocEncoding):
(hyperref)                removing `\acrshort' on input line 11.

[59



]

Package hyperref Warning: Token not allowed in a PDF string (PDFDocEncoding):
(hyperref)                removing `\acrshort' on input line 41.

File: pic/safedist.eps Graphic file (type eps)
<pic/safedist.eps> [60] [61]

Package hyperref Warning: Token not allowed in a PDF string (PDFDocEncoding):
(hyperref)                removing `\acrshort' on input line 87.

) [62]
\openout2 = `chapter4.aux'.

 (./chapter4.tex
第5章
File: pic/wtc.eps Graphic file (type eps)
<pic/wtc.eps>
File: pic/cow.eps Graphic file (type eps)
 <pic/cow.eps>
Overfull \hbox (2.2222pt too wide) in paragraph at lines 35--49
[]$[]$ $[]$
 []

[63



]
File: pic/kslta.eps Graphic file (type eps)
 <pic/kslta.eps>
File: pic/local.eps Graphic file (type eps)
 <pic/local.eps>
Overfull \hbox (2.2222pt too wide) in paragraph at lines 77--87
[]$[]$ $[]$
 []

File: pic/toast1.eps Graphic file (type eps)
<pic/toast1.eps>
File: pic/toast2.eps Graphic file (type eps)
 <pic/toast2.eps>
Overfull \hbox (2.2222pt too wide) in paragraph at lines 98--108
[]$[]$ $[]$
 []

[64] [65]
File: pic/busint.eps Graphic file (type eps)
 <pic/busint.eps>
File: pic/kbs.eps Graphic file (type eps)
 <pic/kbs.eps>
Overfull \hbox (2.2222pt too wide) in paragraph at lines 152--162
[]$[]$ $[]$
 []

[66] [67]
File: pic/chart.eps Graphic file (type eps)
 <pic/chart.eps>
File: pic/train.eps Graphic file (type eps)
 <pic/train.eps>
File: pic/trainint.eps Graphic file (type eps)
 <pic/trainint.eps>
Overfull \hbox (2.2222pt too wide) in paragraph at lines 225--235
[]$[]$ $[]$
 []

[68]
File: pic/metro.eps Graphic file (type eps)
 <pic/metro.eps>
File: pic/rikisya.eps Graphic file (type eps)
 <pic/rikisya.eps> [69] [70]
File: pic/india.eps Graphic file (type eps)
 <pic/india.eps>
File: pic/cst.eps Graphic file (type eps)
 <pic/cst.eps>
File: pic/mumbaitrain.eps Graphic file (type eps)

<pic/mumbaitrain.eps>
Overfull \hbox (2.2222pt too wide) in paragraph at lines 321--333
[]$[]$ $[]$ 
 []

File: pic/auranbus.eps Graphic file (type eps)
<pic/auranbus.eps>
File: pic/uso.eps Graphic file (type eps)
 <pic/uso.eps>
Underfull \hbox (badness 1205) in paragraph at lines 345--345
 []\JY1/mc/m/n/9 図 \OT1/cmr/m/n/9 5.13 []\JY1/mc/m/n/9 タ ージマハルによく似た
 \OT1/cmr/m/n/9 Bibi Ka 
 []


Overfull \hbox (2.2222pt too wide) in paragraph at lines 335--347
[]$[]$ $[]$ 
 []

[71]
File: pic/diwalipic.eps Graphic file (type eps)
 <pic/diwalipic.eps>
File: pic/shonen.eps Graphic file (type eps)
 <pic/shonen.eps>
File: pic/furadapura.eps Graphic file (type eps)
 <pic/furadapura.eps> [72]
File: pic/kago.eps Graphic file (type eps)

<pic/kago.eps>
File: pic/vendor.eps Graphic file (type eps)
 <pic/vendor.eps>
Overfull \hbox (2.2222pt too wide) in paragraph at lines 369--381
[]$[]$ $[]$ 
 []

File: pic/market.eps Graphic file (type eps)
<pic/market.eps>
File: pic/kona.eps Graphic file (type eps)
 <pic/kona.eps>
Overfull \hbox (2.2222pt too wide) in paragraph at lines 388--400
[]$[]$ $[]$ 
 []

[73]
File: pic/rock1.eps Graphic file (type eps)
 <pic/rock1.eps>
File: pic/hill.eps Graphic file (type eps)
 <pic/hill.eps>
Overfull \hbox (2.2222pt too wide) in paragraph at lines 412--424
[]$[]$ $[]$ 
 []

File: pic/hampipp.eps Graphic file (type eps)
<pic/hampipp.eps>
File: pic/hampi.eps Graphic file (type eps)
 <pic/hampi.eps>
Overfull \hbox (2.2222pt too wide) in paragraph at lines 426--438
[]$[]$ $[]$ 
 []

File: pic/hampi2.eps Graphic file (type eps)
<pic/hampi2.eps>
File: pic/dog.eps Graphic file (type eps)
 <pic/dog.eps>
Overfull \hbox (2.2222pt too wide) in paragraph at lines 440--452
[]$[]$ $[]$ 
 []

[74]
File: pic/srilanka.eps Graphic file (type eps)
 <pic/srilanka.eps>
File: pic/fort.eps Graphic file (type eps)
 <pic/fort.eps>
File: pic/sritrain.eps Graphic file (type eps)
 <pic/sritrain.eps>
Overfull \hbox (2.2222pt too wide) in paragraph at lines 469--481
[]$[]$ $[]$ 
 []

File: pic/interbus.eps Graphic file (type eps)
<pic/interbus.eps>
File: pic/alpine.eps Graphic file (type eps)
 <pic/alpine.eps>
Overfull \hbox (2.2222pt too wide) in paragraph at lines 483--495
[]$[]$ $[]$ 
 []

[75]
File: pic/ajinomoto.eps Graphic file (type eps)
 <pic/ajinomoto.eps>
File: pic/monkey.eps Graphic file (type eps)
 <pic/monkey.eps>
Overfull \hbox (2.2222pt too wide) in paragraph at lines 497--509
[]$[]$ $[]$ 
 []

[76]
File: pic/pond.eps Graphic file (type eps)
 <pic/pond.eps>
File: pic/tooth.eps Graphic file (type eps)
 <pic/tooth.eps>
Overfull \hbox (2.2222pt too wide) in paragraph at lines 511--521
[]$[]$ $[]$
 []

File: pic/bicycle.eps Graphic file (type eps)
<pic/bicycle.eps>
File: pic/sigiriya.eps Graphic file (type eps)
 <pic/sigiriya.eps>
File: pic/hasu.eps Graphic file (type eps)
 <pic/hasu.eps> [77]
File: pic/tram.eps Graphic file (type eps)
 <pic/tram.eps>
File: pic/heldel5.eps Graphic file (type eps)

<pic/heldel5.eps>
Overfull \hbox (2.2222pt too wide) in paragraph at lines 557--569
[]$[]$ $[]$ 
 []

File: pic/castle.eps Graphic file (type eps)
<pic/castle.eps>
File: pic/heldel6.eps Graphic file (type eps)
 <pic/heldel6.eps>
Overfull \hbox (2.2222pt too wide) in paragraph at lines 571--581
[]$[]$ $[]$
 []

[78] [79] [80]
File: pic/thanks.eps Graphic file (type eps)
 <pic/thanks.eps>) [81

] (./report.bbl
Underfull \hbox (badness 10000) in paragraph at lines 16--18
[]\OT1/cmr/m/n/10 Automated pro-gram ver-i-fi-ca-tion en-vi-ron-men(aprove).  [
][]$\OT1/cmtt/m/n/10 http : / / aprove . informatik .
 []


Underfull \hbox (badness 10000) in paragraph at lines 36--38
[]\OT1/cmr/m/n/10 Code min-i-miza-tion \JY1/mc/m/n/10 の実装\OT1/cmr/m/n/10 .  
[][]$\OT1/cmtt/m/n/10 https : / / github . com / Hitachi-[]India-[]Pvt-[]Ltd-[]
RD /
 []


Underfull \hbox (badness 5345) in paragraph at lines 78--81
[]\OT1/cmr/m/n/10 Gsn com-mu-nity stan-dard ver-sion 1.  [][]$\OT1/cmtt/m/n/10 
http : / / www . goalstructuringnotation . info /
 []

[82


]
Underfull \hbox (badness 4048) in paragraph at lines 104--106
[]\OT1/cmr/m/n/10 Preprocessor out-put - the c pre-pro-ces-sor.  [][]$\OT1/cmtt
/m/n/10 https : / / gcc . gnu . org / onlinedocs / cpp /
 []

)

Package glossaries Warning: No \printglossary or \printglossaries found.
(Remove \makeglossaries if you don't want any glossaries.)
This document will not have a glossary.

Package atveryend Info: Empty hook `BeforeClearDocument' on input line 93.
[83]
Package atveryend Info: Empty hook `AfterLastShipout' on input line 93.
 (./report.aux (./title.aux) (./abstract.aux) (./chapter1.aux)
(./chapter2-1.aux) (./chapter2-2.aux) (./chapter2-3.aux) (./chapter3.aux)
(./chapter4.aux))
Package atveryend Info: Empty hook `AtVeryEndDocument' on input line 93.
Package atveryend Info: Empty hook `AtEndAfterFileList' on input line 93.


LaTeX Warning: There were multiply-defined labels.

 ) 
Here is how much of TeX's memory you used:
 14015 strings out of 493723
 204636 string characters out of 6150790
 357148 words of memory out of 5000000
 17201 multiletter control sequences out of 15000+600000
 25132 words of font info for 113 fonts, out of 8000000 for 9000
 934 hyphenation exceptions out of 8191
 46i,11n,55p,1930b,528s stack positions out of 5000i,500n,10000p,200000b,80000s

Output written on report.dvi (89 pages, 410064 bytes).
